
===========================================================================
 report_power
============================================================================
======================= Fastest Corner ===================================

Group                  Internal  Switching    Leakage      Total
                          Power      Power      Power      Power (Watts)
----------------------------------------------------------------
Sequential             6.94e-03   1.16e-03   1.74e-06   8.11e-03  34.7%
Combinational          5.08e-03   6.35e-03   9.98e-08   1.14e-02  48.8%
Clock                  1.58e-03   2.28e-03   2.54e-08   3.86e-03  16.5%
Macro                  0.00e+00   0.00e+00   0.00e+00   0.00e+00   0.0%
Pad                    0.00e+00   0.00e+00   0.00e+00   0.00e+00   0.0%
----------------------------------------------------------------
Total                  1.36e-02   9.79e-03   1.86e-06   2.34e-02 100.0%
                          58.1%      41.9%       0.0%

======================= Slowest Corner ===================================

Group                  Internal  Switching    Leakage      Total
                          Power      Power      Power      Power (Watts)
----------------------------------------------------------------
Sequential             4.65e-03   7.59e-04   4.03e-05   5.45e-03  34.2%
Combinational          3.63e-03   4.18e-03   5.46e-05   7.87e-03  49.4%
Clock                  1.13e-03   1.48e-03   3.83e-06   2.61e-03  16.4%
Macro                  0.00e+00   0.00e+00   0.00e+00   0.00e+00   0.0%
Pad                    0.00e+00   0.00e+00   0.00e+00   0.00e+00   0.0%
----------------------------------------------------------------
Total                  9.41e-03   6.42e-03   9.88e-05   1.59e-02 100.0%
                          59.1%      40.3%       0.6%

======================= Typical Corner ===================================

Group                  Internal  Switching    Leakage      Total
                          Power      Power      Power      Power (Watts)
----------------------------------------------------------------
Sequential             5.99e-03   9.73e-04   1.73e-06   6.97e-03  34.6%
Combinational          4.51e-03   5.35e-03   4.26e-08   9.86e-03  49.0%
Clock                  1.38e-03   1.91e-03   1.67e-08   3.29e-03  16.3%
Macro                  0.00e+00   0.00e+00   0.00e+00   0.00e+00   0.0%
Pad                    0.00e+00   0.00e+00   0.00e+00   0.00e+00   0.0%
----------------------------------------------------------------
Total                  1.19e-02   8.24e-03   1.79e-06   2.01e-02 100.0%
                          59.0%      40.9%       0.0%

