
===========================================================================
report_checks -unconstrained
===========================================================================
======================= Fastest Corner ===================================

Startpoint: rst_n (input port clocked by clk)
Endpoint: _15373_ (recovery check against rising-edge clock clk)
Path Group: asynchronous
Path Type: max
Corner: Fastest

Fanout     Cap    Slew   Delay    Time   Description
-----------------------------------------------------------------------------
                          0.00    0.00   clock clk (rise edge)
                          0.00    0.00   clock network delay (propagated)
                          4.00    4.00 ^ input external delay
     1    0.00    0.01    0.01    4.01 ^ rst_n (in)
                                         rst_n (net)
                  0.01    0.00    4.01 ^ input102/A (sky130_fd_sc_hd__clkbuf_4)
     4    0.07    0.17    0.18    4.19 ^ input102/X (sky130_fd_sc_hd__clkbuf_4)
                                         net102 (net)
                  0.17    0.01    4.20 ^ fanout488/A (sky130_fd_sc_hd__clkbuf_4)
     6    0.10    0.23    0.27    4.47 ^ fanout488/X (sky130_fd_sc_hd__clkbuf_4)
                                         net488 (net)
                  0.23    0.01    4.48 ^ fanout417/A (sky130_fd_sc_hd__buf_2)
     5    0.06    0.21    0.23    4.71 ^ fanout417/X (sky130_fd_sc_hd__buf_2)
                                         net417 (net)
                  0.21    0.00    4.72 ^ fanout416/A (sky130_fd_sc_hd__clkbuf_2)
     5    0.04    0.17    0.20    4.92 ^ fanout416/X (sky130_fd_sc_hd__clkbuf_2)
                                         net416 (net)
                  0.17    0.00    4.92 ^ fanout415/A (sky130_fd_sc_hd__clkbuf_2)
     5    0.04    0.17    0.19    5.12 ^ fanout415/X (sky130_fd_sc_hd__clkbuf_2)
                                         net415 (net)
                  0.17    0.00    5.12 ^ fanout414/A (sky130_fd_sc_hd__buf_2)
     7    0.04    0.15    0.19    5.30 ^ fanout414/X (sky130_fd_sc_hd__buf_2)
                                         net414 (net)
                  0.15    0.00    5.31 ^ fanout413/A (sky130_fd_sc_hd__clkbuf_4)
    10    0.05    0.12    0.19    5.50 ^ fanout413/X (sky130_fd_sc_hd__clkbuf_4)
                                         net413 (net)
                  0.12    0.01    5.50 ^ _15373_/RESET_B (sky130_fd_sc_hd__dfrtp_4)
                                  5.50   data arrival time

                         20.00   20.00   clock clk (rise edge)
                          0.00   20.00   clock source latency
     2    0.08    0.26    0.18   20.18 ^ clk (in)
                                         clk (net)
                  0.26    0.00   20.18 ^ clkbuf_0_clk/A (sky130_fd_sc_hd__clkbuf_16)
    18    0.34    0.27    0.26   20.44 ^ clkbuf_0_clk/X (sky130_fd_sc_hd__clkbuf_16)
                                         clknet_0_clk (net)
                  0.27    0.03   20.47 ^ clkbuf_4_11_0_clk/A (sky130_fd_sc_hd__clkbuf_8)
    13    0.13    0.18    0.22   20.68 ^ clkbuf_4_11_0_clk/X (sky130_fd_sc_hd__clkbuf_8)
                                         clknet_4_11_0_clk (net)
                  0.18    0.01   20.70 ^ clkbuf_leaf_133_clk/A (sky130_fd_sc_hd__clkbuf_8)
     9    0.05    0.07    0.14   20.84 ^ clkbuf_leaf_133_clk/X (sky130_fd_sc_hd__clkbuf_8)
                                         clknet_leaf_133_clk (net)
                  0.07    0.00   20.84 ^ _15373_/CLK (sky130_fd_sc_hd__dfrtp_4)
                         -0.25   20.59   clock uncertainty
                          0.00   20.59   clock reconvergence pessimism
                          0.11   20.70   library recovery time
                                 20.70   data required time
-----------------------------------------------------------------------------
                                 20.70   data required time
                                 -5.50   data arrival time
-----------------------------------------------------------------------------
                                 15.19   slack (MET)


Startpoint: mem_resp_rdata[31] (input port clocked by clk)
Endpoint: cpu_resp_rdata[31] (output port clocked by clk)
Path Group: clk
Path Type: max
Corner: Fastest

Fanout     Cap    Slew   Delay    Time   Description
-----------------------------------------------------------------------------
                          0.00    0.00   clock clk (rise edge)
                          0.00    0.00   clock network delay (propagated)
                          4.00    4.00 ^ input external delay
     1    0.00    0.02    0.01    4.01 ^ mem_resp_rdata[31] (in)
                                         mem_resp_rdata[31] (net)
                  0.02    0.00    4.01 ^ input93/A (sky130_fd_sc_hd__clkbuf_2)
     1    0.05    0.21    0.19    4.20 ^ input93/X (sky130_fd_sc_hd__clkbuf_2)
                                         net93 (net)
                  0.21    0.01    4.20 ^ _08175_/A1 (sky130_fd_sc_hd__o211a_1)
     2    0.01    0.05    0.13    4.33 ^ _08175_/X (sky130_fd_sc_hd__o211a_1)
                                         _04275_ (net)
                  0.05    0.00    4.34 ^ _08176_/B1 (sky130_fd_sc_hd__a31o_2)
     2    0.05    0.22    0.20    4.53 ^ _08176_/X (sky130_fd_sc_hd__a31o_2)
                                         net128 (net)
                  0.22    0.01    4.54 ^ output128/A (sky130_fd_sc_hd__buf_2)
     1    0.03    0.13    0.18    4.72 ^ output128/X (sky130_fd_sc_hd__buf_2)
                                         cpu_resp_rdata[31] (net)
                  0.13    0.00    4.72 ^ cpu_resp_rdata[31] (out)
                                  4.72   data arrival time

                         20.00   20.00   clock clk (rise edge)
                          0.00   20.00   clock network delay (propagated)
                         -0.25   19.75   clock uncertainty
                          0.00   19.75   clock reconvergence pessimism
                         -4.00   15.75   output external delay
                                 15.75   data required time
-----------------------------------------------------------------------------
                                 15.75   data required time
                                 -4.72   data arrival time
-----------------------------------------------------------------------------
                                 11.03   slack (MET)



======================= Slowest Corner ===================================

Startpoint: rst_n (input port clocked by clk)
Endpoint: _15373_ (recovery check against rising-edge clock clk)
Path Group: asynchronous
Path Type: max
Corner: Slowest

Fanout     Cap    Slew   Delay    Time   Description
-----------------------------------------------------------------------------
                          0.00    0.00   clock clk (rise edge)
                          0.00    0.00   clock network delay (propagated)
                          4.00    4.00 ^ input external delay
     1    0.00    0.03    0.02    4.02 ^ rst_n (in)
                                         rst_n (net)
                  0.03    0.00    4.02 ^ input102/A (sky130_fd_sc_hd__clkbuf_4)
     4    0.07    0.35    0.45    4.47 ^ input102/X (sky130_fd_sc_hd__clkbuf_4)
                                         net102 (net)
                  0.35    0.01    4.48 ^ fanout488/A (sky130_fd_sc_hd__clkbuf_4)
     6    0.10    0.48    0.70    5.18 ^ fanout488/X (sky130_fd_sc_hd__clkbuf_4)
                                         net488 (net)
                  0.48    0.01    5.19 ^ fanout417/A (sky130_fd_sc_hd__buf_2)
     5    0.06    0.44    0.66    5.85 ^ fanout417/X (sky130_fd_sc_hd__buf_2)
                                         net417 (net)
                  0.44    0.00    5.85 ^ fanout416/A (sky130_fd_sc_hd__clkbuf_2)
     5    0.04    0.34    0.56    6.41 ^ fanout416/X (sky130_fd_sc_hd__clkbuf_2)
                                         net416 (net)
                  0.34    0.00    6.42 ^ fanout415/A (sky130_fd_sc_hd__clkbuf_2)
     5    0.04    0.34    0.52    6.94 ^ fanout415/X (sky130_fd_sc_hd__clkbuf_2)
                                         net415 (net)
                  0.34    0.00    6.94 ^ fanout414/A (sky130_fd_sc_hd__buf_2)
     7    0.04    0.31    0.50    7.44 ^ fanout414/X (sky130_fd_sc_hd__buf_2)
                                         net414 (net)
                  0.31    0.00    7.45 ^ fanout413/A (sky130_fd_sc_hd__clkbuf_4)
    10    0.05    0.24    0.50    7.95 ^ fanout413/X (sky130_fd_sc_hd__clkbuf_4)
                                         net413 (net)
                  0.24    0.01    7.96 ^ _15373_/RESET_B (sky130_fd_sc_hd__dfrtp_4)
                                  7.96   data arrival time

                         20.00   20.00   clock clk (rise edge)
                          0.00   20.00   clock source latency
     2    0.08    0.56    0.37   20.37 ^ clk (in)
                                         clk (net)
                  0.56    0.00   20.37 ^ clkbuf_0_clk/A (sky130_fd_sc_hd__clkbuf_16)
    18    0.34    0.51    0.72   21.09 ^ clkbuf_0_clk/X (sky130_fd_sc_hd__clkbuf_16)
                                         clknet_0_clk (net)
                  0.52    0.03   21.11 ^ clkbuf_4_11_0_clk/A (sky130_fd_sc_hd__clkbuf_8)
    13    0.13    0.36    0.61   21.72 ^ clkbuf_4_11_0_clk/X (sky130_fd_sc_hd__clkbuf_8)
                                         clknet_4_11_0_clk (net)
                  0.36    0.01   21.73 ^ clkbuf_leaf_133_clk/A (sky130_fd_sc_hd__clkbuf_8)
     9    0.05    0.15    0.39   22.13 ^ clkbuf_leaf_133_clk/X (sky130_fd_sc_hd__clkbuf_8)
                                         clknet_leaf_133_clk (net)
                  0.15    0.00   22.13 ^ _15373_/CLK (sky130_fd_sc_hd__dfrtp_4)
                         -0.25   21.88   clock uncertainty
                          0.00   21.88   clock reconvergence pessimism
                          0.39   22.27   library recovery time
                                 22.27   data required time
-----------------------------------------------------------------------------
                                 22.27   data required time
                                 -7.96   data arrival time
-----------------------------------------------------------------------------
                                 14.32   slack (MET)


Startpoint: _15420_ (rising edge-triggered flip-flop clocked by clk)
Endpoint: cpu_resp_rdata[11] (output port clocked by clk)
Path Group: clk
Path Type: max
Corner: Slowest

Fanout     Cap    Slew   Delay    Time   Description
-----------------------------------------------------------------------------
                          0.00    0.00   clock clk (rise edge)
                          0.00    0.00   clock source latency
     2    0.08    0.56    0.41    0.41 ^ clk (in)
                                         clk (net)
                  0.56    0.00    0.41 ^ clkbuf_0_clk/A (sky130_fd_sc_hd__clkbuf_16)
    18    0.34    0.51    0.79    1.20 ^ clkbuf_0_clk/X (sky130_fd_sc_hd__clkbuf_16)
                                         clknet_0_clk (net)
                  0.52    0.03    1.23 ^ clkbuf_4_0_0_clk/A (sky130_fd_sc_hd__clkbuf_8)
    14    0.13    0.36    0.67    1.91 ^ clkbuf_4_0_0_clk/X (sky130_fd_sc_hd__clkbuf_8)
                                         clknet_4_0_0_clk (net)
                  0.36    0.01    1.91 ^ clkbuf_leaf_3_clk/A (sky130_fd_sc_hd__clkbuf_8)
    12    0.05    0.16    0.45    2.37 ^ clkbuf_leaf_3_clk/X (sky130_fd_sc_hd__clkbuf_8)
                                         clknet_leaf_3_clk (net)
                  0.17    0.00    2.37 ^ _15420_/CLK (sky130_fd_sc_hd__dfrtp_4)
     9    0.05    0.22    1.23    3.60 v _15420_/Q (sky130_fd_sc_hd__dfrtp_4)
                                         ctrl_inst.refill_addr[22] (net)
                  0.22    0.00    3.61 v _07878_/A (sky130_fd_sc_hd__xor2_1)
     1    0.01    0.25    0.45    4.06 v _07878_/X (sky130_fd_sc_hd__xor2_1)
                                         _04009_ (net)
                  0.25    0.00    4.06 v _07882_/A (sky130_fd_sc_hd__or4_1)
     1    0.00    0.17    1.30    5.36 v _07882_/X (sky130_fd_sc_hd__or4_1)
                                         _04013_ (net)
                  0.17    0.00    5.36 v _07892_/B (sky130_fd_sc_hd__or4b_1)
     1    0.01    0.22    1.33    6.69 v _07892_/X (sky130_fd_sc_hd__or4b_1)
                                         _04023_ (net)
                  0.22    0.00    6.69 v _07933_/A (sky130_fd_sc_hd__nor4_1)
     1    0.01    0.76    0.87    7.57 ^ _07933_/Y (sky130_fd_sc_hd__nor4_1)
                                         _04064_ (net)
                  0.76    0.00    7.57 ^ wire203/A (sky130_fd_sc_hd__clkbuf_2)
     1    0.05    0.45    0.75    8.32 ^ wire203/X (sky130_fd_sc_hd__clkbuf_2)
                                         net203 (net)
                  0.45    0.01    8.33 ^ wire202/A (sky130_fd_sc_hd__clkbuf_4)
     4    0.04    0.20    0.54    8.86 ^ wire202/X (sky130_fd_sc_hd__clkbuf_4)
                                         net202 (net)
                  0.20    0.00    8.87 ^ wire201/A (sky130_fd_sc_hd__clkbuf_2)
     4    0.03    0.25    0.40    9.26 ^ wire201/X (sky130_fd_sc_hd__clkbuf_2)
                                         net201 (net)
                  0.25    0.00    9.27 ^ _07988_/A (sky130_fd_sc_hd__nand2_2)
     3    0.06    0.50    0.50    9.77 v _07988_/Y (sky130_fd_sc_hd__nand2_2)
                                         _04119_ (net)
                  0.50    0.00    9.77 v _07989_/A (sky130_fd_sc_hd__clkbuf_4)
    10    0.06    0.22    0.61   10.38 v _07989_/X (sky130_fd_sc_hd__clkbuf_4)
                                         _04120_ (net)
                  0.22    0.00   10.38 v _07990_/A (sky130_fd_sc_hd__clkbuf_4)
    10    0.07    0.25    0.50   10.88 v _07990_/X (sky130_fd_sc_hd__clkbuf_4)
                                         _04121_ (net)
                  0.25    0.00   10.88 v _08054_/A (sky130_fd_sc_hd__buf_2)
    10    0.05    0.22    0.50   11.38 v _08054_/X (sky130_fd_sc_hd__buf_2)
                                         _04175_ (net)
                  0.22    0.01   11.39 v _08062_/A2 (sky130_fd_sc_hd__a211o_1)
     1    0.00    0.10    0.64   12.03 v _08062_/X (sky130_fd_sc_hd__a211o_1)
                                         _04182_ (net)
                  0.10    0.00   12.03 v _08064_/A3 (sky130_fd_sc_hd__a31o_2)
     1    0.04    0.22    0.65   12.68 v _08064_/X (sky130_fd_sc_hd__a31o_2)
                                         net106 (net)
                  0.22    0.01   12.69 v output106/A (sky130_fd_sc_hd__buf_2)
     1    0.03    0.17    0.44   13.13 v output106/X (sky130_fd_sc_hd__buf_2)
                                         cpu_resp_rdata[11] (net)
                  0.17    0.00   13.13 v cpu_resp_rdata[11] (out)
                                 13.13   data arrival time

                         20.00   20.00   clock clk (rise edge)
                          0.00   20.00   clock network delay (propagated)
                         -0.25   19.75   clock uncertainty
                          0.00   19.75   clock reconvergence pessimism
                         -4.00   15.75   output external delay
                                 15.75   data required time
-----------------------------------------------------------------------------
                                 15.75   data required time
                                -13.13   data arrival time
-----------------------------------------------------------------------------
                                  2.62   slack (MET)



======================= Typical Corner ===================================

Startpoint: rst_n (input port clocked by clk)
Endpoint: _15373_ (recovery check against rising-edge clock clk)
Path Group: asynchronous
Path Type: max
Corner: Typical

Fanout     Cap    Slew   Delay    Time   Description
-----------------------------------------------------------------------------
                          0.00    0.00   clock clk (rise edge)
                          0.00    0.00   clock network delay (propagated)
                          4.00    4.00 ^ input external delay
     1    0.00    0.02    0.01    4.01 ^ rst_n (in)
                                         rst_n (net)
                  0.02    0.00    4.01 ^ input102/A (sky130_fd_sc_hd__clkbuf_4)
     4    0.07    0.22    0.26    4.27 ^ input102/X (sky130_fd_sc_hd__clkbuf_4)
                                         net102 (net)
                  0.22    0.01    4.28 ^ fanout488/A (sky130_fd_sc_hd__clkbuf_4)
     6    0.10    0.31    0.40    4.68 ^ fanout488/X (sky130_fd_sc_hd__clkbuf_4)
                                         net488 (net)
                  0.31    0.01    4.69 ^ fanout417/A (sky130_fd_sc_hd__buf_2)
     5    0.06    0.28    0.36    5.05 ^ fanout417/X (sky130_fd_sc_hd__buf_2)
                                         net417 (net)
                  0.28    0.00    5.05 ^ fanout416/A (sky130_fd_sc_hd__clkbuf_2)
     5    0.04    0.22    0.31    5.36 ^ fanout416/X (sky130_fd_sc_hd__clkbuf_2)
                                         net416 (net)
                  0.22    0.00    5.37 ^ fanout415/A (sky130_fd_sc_hd__clkbuf_2)
     5    0.04    0.22    0.29    5.66 ^ fanout415/X (sky130_fd_sc_hd__clkbuf_2)
                                         net415 (net)
                  0.22    0.00    5.66 ^ fanout414/A (sky130_fd_sc_hd__buf_2)
     7    0.04    0.20    0.28    5.95 ^ fanout414/X (sky130_fd_sc_hd__buf_2)
                                         net414 (net)
                  0.20    0.00    5.95 ^ fanout413/A (sky130_fd_sc_hd__clkbuf_4)
    10    0.05    0.16    0.28    6.23 ^ fanout413/X (sky130_fd_sc_hd__clkbuf_4)
                                         net413 (net)
                  0.16    0.01    6.24 ^ _15373_/RESET_B (sky130_fd_sc_hd__dfrtp_4)
                                  6.24   data arrival time

                         20.00   20.00   clock clk (rise edge)
                          0.00   20.00   clock source latency
     2    0.08    0.35    0.23   20.23 ^ clk (in)
                                         clk (net)
                  0.35    0.00   20.23 ^ clkbuf_0_clk/A (sky130_fd_sc_hd__clkbuf_16)
    18    0.34    0.35    0.40   20.63 ^ clkbuf_0_clk/X (sky130_fd_sc_hd__clkbuf_16)
                                         clknet_0_clk (net)
                  0.35    0.03   20.66 ^ clkbuf_4_11_0_clk/A (sky130_fd_sc_hd__clkbuf_8)
    13    0.13    0.23    0.33   20.99 ^ clkbuf_4_11_0_clk/X (sky130_fd_sc_hd__clkbuf_8)
                                         clknet_4_11_0_clk (net)
                  0.23    0.01   21.01 ^ clkbuf_leaf_133_clk/A (sky130_fd_sc_hd__clkbuf_8)
     9    0.05    0.09    0.22   21.22 ^ clkbuf_leaf_133_clk/X (sky130_fd_sc_hd__clkbuf_8)
                                         clknet_leaf_133_clk (net)
                  0.09    0.00   21.22 ^ _15373_/CLK (sky130_fd_sc_hd__dfrtp_4)
                         -0.25   20.97   clock uncertainty
                          0.00   20.97   clock reconvergence pessimism
                          0.20   21.17   library recovery time
                                 21.17   data required time
-----------------------------------------------------------------------------
                                 21.17   data required time
                                 -6.24   data arrival time
-----------------------------------------------------------------------------
                                 14.93   slack (MET)


Startpoint: _15420_ (rising edge-triggered flip-flop clocked by clk)
Endpoint: cpu_resp_rdata[11] (output port clocked by clk)
Path Group: clk
Path Type: max
Corner: Typical

Fanout     Cap    Slew   Delay    Time   Description
-----------------------------------------------------------------------------
                          0.00    0.00   clock clk (rise edge)
                          0.00    0.00   clock source latency
     2    0.08    0.35    0.26    0.26 ^ clk (in)
                                         clk (net)
                  0.35    0.00    0.26 ^ clkbuf_0_clk/A (sky130_fd_sc_hd__clkbuf_16)
    18    0.34    0.35    0.44    0.70 ^ clkbuf_0_clk/X (sky130_fd_sc_hd__clkbuf_16)
                                         clknet_0_clk (net)
                  0.35    0.03    0.73 ^ clkbuf_4_0_0_clk/A (sky130_fd_sc_hd__clkbuf_8)
    14    0.13    0.23    0.37    1.10 ^ clkbuf_4_0_0_clk/X (sky130_fd_sc_hd__clkbuf_8)
                                         clknet_4_0_0_clk (net)
                  0.23    0.01    1.11 ^ clkbuf_leaf_3_clk/A (sky130_fd_sc_hd__clkbuf_8)
    12    0.06    0.11    0.25    1.36 ^ clkbuf_leaf_3_clk/X (sky130_fd_sc_hd__clkbuf_8)
                                         clknet_leaf_3_clk (net)
                  0.11    0.00    1.36 ^ _15420_/CLK (sky130_fd_sc_hd__dfrtp_4)
     9    0.05    0.12    0.60    1.96 v _15420_/Q (sky130_fd_sc_hd__dfrtp_4)
                                         ctrl_inst.refill_addr[22] (net)
                  0.12    0.00    1.97 v _07878_/A (sky130_fd_sc_hd__xor2_1)
     1    0.01    0.12    0.24    2.20 v _07878_/X (sky130_fd_sc_hd__xor2_1)
                                         _04009_ (net)
                  0.12    0.00    2.20 v _07882_/A (sky130_fd_sc_hd__or4_1)
     1    0.00    0.08    0.55    2.76 v _07882_/X (sky130_fd_sc_hd__or4_1)
                                         _04013_ (net)
                  0.08    0.00    2.76 v _07892_/B (sky130_fd_sc_hd__or4b_1)
     1    0.01    0.10    0.56    3.32 v _07892_/X (sky130_fd_sc_hd__or4b_1)
                                         _04023_ (net)
                  0.10    0.00    3.32 v _07933_/A (sky130_fd_sc_hd__nor4_1)
     1    0.01    0.44    0.48    3.80 ^ _07933_/Y (sky130_fd_sc_hd__nor4_1)
                                         _04064_ (net)
                  0.44    0.00    3.80 ^ wire203/A (sky130_fd_sc_hd__clkbuf_2)
     1    0.05    0.29    0.39    4.19 ^ wire203/X (sky130_fd_sc_hd__clkbuf_2)
                                         net203 (net)
                  0.29    0.01    4.19 ^ wire202/A (sky130_fd_sc_hd__clkbuf_4)
     4    0.04    0.12    0.29    4.48 ^ wire202/X (sky130_fd_sc_hd__clkbuf_4)
                                         net202 (net)
                  0.12    0.00    4.49 ^ wire201/A (sky130_fd_sc_hd__clkbuf_2)
     4    0.03    0.16    0.22    4.71 ^ wire201/X (sky130_fd_sc_hd__clkbuf_2)
                                         net201 (net)
                  0.16    0.00    4.71 ^ _07988_/A (sky130_fd_sc_hd__nand2_2)
     3    0.06    0.25    0.24    4.95 v _07988_/Y (sky130_fd_sc_hd__nand2_2)
                                         _04119_ (net)
                  0.25    0.00    4.95 v _07989_/A (sky130_fd_sc_hd__clkbuf_4)
    10    0.06    0.12    0.32    5.27 v _07989_/X (sky130_fd_sc_hd__clkbuf_4)
                                         _04120_ (net)
                  0.12    0.00    5.28 v _07990_/A (sky130_fd_sc_hd__clkbuf_4)
    10    0.07    0.14    0.27    5.55 v _07990_/X (sky130_fd_sc_hd__clkbuf_4)
                                         _04121_ (net)
                  0.14    0.00    5.55 v _08054_/A (sky130_fd_sc_hd__buf_2)
    10    0.05    0.12    0.25    5.81 v _08054_/X (sky130_fd_sc_hd__buf_2)
                                         _04175_ (net)
                  0.12    0.01    5.82 v _08062_/A2 (sky130_fd_sc_hd__a211o_1)
     1    0.00    0.05    0.34    6.15 v _08062_/X (sky130_fd_sc_hd__a211o_1)
                                         _04182_ (net)
                  0.05    0.00    6.15 v _08064_/A3 (sky130_fd_sc_hd__a31o_2)
     1    0.04    0.12    0.35    6.50 v _08064_/X (sky130_fd_sc_hd__a31o_2)
                                         net106 (net)
                  0.12    0.01    6.51 v output106/A (sky130_fd_sc_hd__buf_2)
     1    0.03    0.09    0.23    6.74 v output106/X (sky130_fd_sc_hd__buf_2)
                                         cpu_resp_rdata[11] (net)
                  0.09    0.00    6.74 v cpu_resp_rdata[11] (out)
                                  6.74   data arrival time

                         20.00   20.00   clock clk (rise edge)
                          0.00   20.00   clock network delay (propagated)
                         -0.25   19.75   clock uncertainty
                          0.00   19.75   clock reconvergence pessimism
                         -4.00   15.75   output external delay
                                 15.75   data required time
-----------------------------------------------------------------------------
                                 15.75   data required time
                                 -6.74   data arrival time
-----------------------------------------------------------------------------
                                  9.01   slack (MET)




===========================================================================
report_checks --slack_max -0.01
============================================================================
======================= Fastest Corner ===================================

No paths found.

======================= Slowest Corner ===================================

No paths found.

======================= Typical Corner ===================================

No paths found.


===========================================================================
 report_check_types -max_slew -max_cap -max_fanout -violators
============================================================================
======================= Fastest Corner ===================================

max fanout

Pin                                   Limit Fanout  Slack
---------------------------------------------------------
clkbuf_leaf_131_clk/X                    10     21    -11 (VIOLATED)
clkbuf_leaf_126_clk/X                    10     20    -10 (VIOLATED)
clkbuf_leaf_138_clk/X                    10     19     -9 (VIOLATED)
clkbuf_leaf_4_clk/X                      10     19     -9 (VIOLATED)
_06826_/X                                10     18     -8 (VIOLATED)
clkbuf_0_clk/X                           10     18     -8 (VIOLATED)
clkbuf_leaf_68_clk/X                     10     18     -8 (VIOLATED)
clkbuf_leaf_69_clk/X                     10     18     -8 (VIOLATED)
_06815_/X                                10     17     -7 (VIOLATED)
clkbuf_leaf_175_clk/X                    10     17     -7 (VIOLATED)
_06708_/X                                10     16     -6 (VIOLATED)
_06737_/X                                10     16     -6 (VIOLATED)
_06806_/X                                10     16     -6 (VIOLATED)
_06911_/X                                10     16     -6 (VIOLATED)
_06996_/X                                10     16     -6 (VIOLATED)
clkbuf_leaf_101_clk/X                    10     16     -6 (VIOLATED)
clkbuf_leaf_155_clk/X                    10     16     -6 (VIOLATED)
clkbuf_leaf_157_clk/X                    10     16     -6 (VIOLATED)
clkbuf_leaf_179_clk/X                    10     16     -6 (VIOLATED)
clkbuf_leaf_185_clk/X                    10     16     -6 (VIOLATED)
clkbuf_leaf_73_clk/X                     10     16     -6 (VIOLATED)
clkbuf_leaf_81_clk/X                     10     16     -6 (VIOLATED)
clkbuf_leaf_86_clk/X                     10     16     -6 (VIOLATED)
_06765_/X                                10     15     -5 (VIOLATED)
_07014_/X                                10     15     -5 (VIOLATED)
_07094_/X                                10     15     -5 (VIOLATED)
_07214_/X                                10     15     -5 (VIOLATED)
clkbuf_leaf_115_clk/X                    10     15     -5 (VIOLATED)
clkbuf_leaf_12_clk/X                     10     15     -5 (VIOLATED)
clkbuf_leaf_162_clk/X                    10     15     -5 (VIOLATED)
clkbuf_leaf_171_clk/X                    10     15     -5 (VIOLATED)
clkbuf_leaf_176_clk/X                    10     15     -5 (VIOLATED)
clkbuf_leaf_18_clk/X                     10     15     -5 (VIOLATED)
clkbuf_leaf_22_clk/X                     10     15     -5 (VIOLATED)
clkbuf_leaf_59_clk/X                     10     15     -5 (VIOLATED)
clkbuf_leaf_65_clk/X                     10     15     -5 (VIOLATED)
clkbuf_leaf_75_clk/X                     10     15     -5 (VIOLATED)
clkbuf_leaf_7_clk/X                      10     15     -5 (VIOLATED)
clkbuf_leaf_80_clk/X                     10     15     -5 (VIOLATED)
clkbuf_leaf_88_clk/X                     10     15     -5 (VIOLATED)
clkbuf_leaf_96_clk/X                     10     15     -5 (VIOLATED)
clkbuf_leaf_9_clk/X                      10     15     -5 (VIOLATED)
_06636_/X                                10     14     -4 (VIOLATED)
_06789_/X                                10     14     -4 (VIOLATED)
_06833_/X                                10     14     -4 (VIOLATED)
_06859_/X                                10     14     -4 (VIOLATED)
clkbuf_4_0_0_clk/X                       10     14     -4 (VIOLATED)
clkbuf_4_13_0_clk/X                      10     14     -4 (VIOLATED)
clkbuf_4_14_0_clk/X                      10     14     -4 (VIOLATED)
clkbuf_4_2_0_clk/X                       10     14     -4 (VIOLATED)
clkbuf_4_3_0_clk/X                       10     14     -4 (VIOLATED)
clkbuf_4_4_0_clk/X                       10     14     -4 (VIOLATED)
clkbuf_4_6_0_clk/X                       10     14     -4 (VIOLATED)
clkbuf_4_7_0_clk/X                       10     14     -4 (VIOLATED)
clkbuf_4_8_0_clk/X                       10     14     -4 (VIOLATED)
clkbuf_leaf_0_clk/X                      10     14     -4 (VIOLATED)
clkbuf_leaf_103_clk/X                    10     14     -4 (VIOLATED)
clkbuf_leaf_111_clk/X                    10     14     -4 (VIOLATED)
clkbuf_leaf_113_clk/X                    10     14     -4 (VIOLATED)
clkbuf_leaf_118_clk/X                    10     14     -4 (VIOLATED)
clkbuf_leaf_123_clk/X                    10     14     -4 (VIOLATED)
clkbuf_leaf_128_clk/X                    10     14     -4 (VIOLATED)
clkbuf_leaf_130_clk/X                    10     14     -4 (VIOLATED)
clkbuf_leaf_151_clk/X                    10     14     -4 (VIOLATED)
clkbuf_leaf_152_clk/X                    10     14     -4 (VIOLATED)
clkbuf_leaf_153_clk/X                    10     14     -4 (VIOLATED)
clkbuf_leaf_164_clk/X                    10     14     -4 (VIOLATED)
clkbuf_leaf_167_clk/X                    10     14     -4 (VIOLATED)
clkbuf_leaf_187_clk/X                    10     14     -4 (VIOLATED)
clkbuf_leaf_190_clk/X                    10     14     -4 (VIOLATED)
clkbuf_leaf_191_clk/X                    10     14     -4 (VIOLATED)
clkbuf_leaf_193_clk/X                    10     14     -4 (VIOLATED)
clkbuf_leaf_24_clk/X                     10     14     -4 (VIOLATED)
clkbuf_leaf_32_clk/X                     10     14     -4 (VIOLATED)
clkbuf_leaf_33_clk/X                     10     14     -4 (VIOLATED)
clkbuf_leaf_37_clk/X                     10     14     -4 (VIOLATED)
clkbuf_leaf_40_clk/X                     10     14     -4 (VIOLATED)
clkbuf_leaf_53_clk/X                     10     14     -4 (VIOLATED)
clkbuf_leaf_55_clk/X                     10     14     -4 (VIOLATED)
clkbuf_leaf_56_clk/X                     10     14     -4 (VIOLATED)
clkbuf_leaf_60_clk/X                     10     14     -4 (VIOLATED)
clkbuf_leaf_6_clk/X                      10     14     -4 (VIOLATED)
clkbuf_leaf_89_clk/X                     10     14     -4 (VIOLATED)
clkbuf_leaf_8_clk/X                      10     14     -4 (VIOLATED)
_06693_/X                                10     13     -3 (VIOLATED)
_06718_/X                                10     13     -3 (VIOLATED)
_06787_/X                                10     13     -3 (VIOLATED)
_06799_/X                                10     13     -3 (VIOLATED)
_06842_/X                                10     13     -3 (VIOLATED)
_06903_/X                                10     13     -3 (VIOLATED)
_06930_/X                                10     13     -3 (VIOLATED)
_06972_/X                                10     13     -3 (VIOLATED)
_06974_/X                                10     13     -3 (VIOLATED)
_07002_/X                                10     13     -3 (VIOLATED)
_07046_/X                                10     13     -3 (VIOLATED)
_07208_/X                                10     13     -3 (VIOLATED)
_07564_/X                                10     13     -3 (VIOLATED)
clkbuf_4_11_0_clk/X                      10     13     -3 (VIOLATED)
clkbuf_4_1_0_clk/X                       10     13     -3 (VIOLATED)
clkbuf_4_5_0_clk/X                       10     13     -3 (VIOLATED)
clkbuf_leaf_100_clk/X                    10     13     -3 (VIOLATED)
clkbuf_leaf_10_clk/X                     10     13     -3 (VIOLATED)
clkbuf_leaf_112_clk/X                    10     13     -3 (VIOLATED)
clkbuf_leaf_114_clk/X                    10     13     -3 (VIOLATED)
clkbuf_leaf_119_clk/X                    10     13     -3 (VIOLATED)
clkbuf_leaf_11_clk/X                     10     13     -3 (VIOLATED)
clkbuf_leaf_122_clk/X                    10     13     -3 (VIOLATED)
clkbuf_leaf_124_clk/X                    10     13     -3 (VIOLATED)
clkbuf_leaf_134_clk/X                    10     13     -3 (VIOLATED)
clkbuf_leaf_142_clk/X                    10     13     -3 (VIOLATED)
clkbuf_leaf_144_clk/X                    10     13     -3 (VIOLATED)
clkbuf_leaf_147_clk/X                    10     13     -3 (VIOLATED)
clkbuf_leaf_148_clk/X                    10     13     -3 (VIOLATED)
clkbuf_leaf_149_clk/X                    10     13     -3 (VIOLATED)
clkbuf_leaf_163_clk/X                    10     13     -3 (VIOLATED)
clkbuf_leaf_166_clk/X                    10     13     -3 (VIOLATED)
clkbuf_leaf_178_clk/X                    10     13     -3 (VIOLATED)
clkbuf_leaf_188_clk/X                    10     13     -3 (VIOLATED)
clkbuf_leaf_192_clk/X                    10     13     -3 (VIOLATED)
clkbuf_leaf_196_clk/X                    10     13     -3 (VIOLATED)
clkbuf_leaf_1_clk/X                      10     13     -3 (VIOLATED)
clkbuf_leaf_25_clk/X                     10     13     -3 (VIOLATED)
clkbuf_leaf_28_clk/X                     10     13     -3 (VIOLATED)
clkbuf_leaf_30_clk/X                     10     13     -3 (VIOLATED)
clkbuf_leaf_31_clk/X                     10     13     -3 (VIOLATED)
clkbuf_leaf_35_clk/X                     10     13     -3 (VIOLATED)
clkbuf_leaf_42_clk/X                     10     13     -3 (VIOLATED)
clkbuf_leaf_46_clk/X                     10     13     -3 (VIOLATED)
clkbuf_leaf_47_clk/X                     10     13     -3 (VIOLATED)
clkbuf_leaf_52_clk/X                     10     13     -3 (VIOLATED)
clkbuf_leaf_54_clk/X                     10     13     -3 (VIOLATED)
clkbuf_leaf_5_clk/X                      10     13     -3 (VIOLATED)
clkbuf_leaf_62_clk/X                     10     13     -3 (VIOLATED)
clkbuf_leaf_72_clk/X                     10     13     -3 (VIOLATED)
clkbuf_leaf_77_clk/X                     10     13     -3 (VIOLATED)
clkbuf_leaf_78_clk/X                     10     13     -3 (VIOLATED)
clkbuf_leaf_91_clk/X                     10     13     -3 (VIOLATED)
clkbuf_leaf_94_clk/X                     10     13     -3 (VIOLATED)
clkbuf_leaf_95_clk/X                     10     13     -3 (VIOLATED)
clkbuf_leaf_98_clk/X                     10     13     -3 (VIOLATED)
_06707_/X                                10     12     -2 (VIOLATED)
_06713_/X                                10     12     -2 (VIOLATED)
_06724_/X                                10     12     -2 (VIOLATED)
_06752_/X                                10     12     -2 (VIOLATED)
_06759_/X                                10     12     -2 (VIOLATED)
_06792_/X                                10     12     -2 (VIOLATED)
_06793_/X                                10     12     -2 (VIOLATED)
_06794_/X                                10     12     -2 (VIOLATED)
_06800_/X                                10     12     -2 (VIOLATED)
_06811_/X                                10     12     -2 (VIOLATED)
_06818_/X                                10     12     -2 (VIOLATED)
_06827_/X                                10     12     -2 (VIOLATED)
_06856_/X                                10     12     -2 (VIOLATED)
_06864_/X                                10     12     -2 (VIOLATED)
_06891_/X                                10     12     -2 (VIOLATED)
_06898_/X                                10     12     -2 (VIOLATED)
_06900_/X                                10     12     -2 (VIOLATED)
_06914_/X                                10     12     -2 (VIOLATED)
_06928_/X                                10     12     -2 (VIOLATED)
_06947_/X                                10     12     -2 (VIOLATED)
_06973_/X                                10     12     -2 (VIOLATED)
_07373_/X                                10     12     -2 (VIOLATED)
_08857_/X                                10     12     -2 (VIOLATED)
_09625_/X                                10     12     -2 (VIOLATED)
clkbuf_4_12_0_clk/X                      10     12     -2 (VIOLATED)
clkbuf_4_9_0_clk/X                       10     12     -2 (VIOLATED)
clkbuf_leaf_104_clk/X                    10     12     -2 (VIOLATED)
clkbuf_leaf_109_clk/X                    10     12     -2 (VIOLATED)
clkbuf_leaf_110_clk/X                    10     12     -2 (VIOLATED)
clkbuf_leaf_140_clk/X                    10     12     -2 (VIOLATED)
clkbuf_leaf_150_clk/X                    10     12     -2 (VIOLATED)
clkbuf_leaf_161_clk/X                    10     12     -2 (VIOLATED)
clkbuf_leaf_168_clk/X                    10     12     -2 (VIOLATED)
clkbuf_leaf_173_clk/X                    10     12     -2 (VIOLATED)
clkbuf_leaf_181_clk/X                    10     12     -2 (VIOLATED)
clkbuf_leaf_34_clk/X                     10     12     -2 (VIOLATED)
clkbuf_leaf_39_clk/X                     10     12     -2 (VIOLATED)
clkbuf_leaf_3_clk/X                      10     12     -2 (VIOLATED)
clkbuf_leaf_41_clk/X                     10     12     -2 (VIOLATED)
clkbuf_leaf_44_clk/X                     10     12     -2 (VIOLATED)
clkbuf_leaf_48_clk/X                     10     12     -2 (VIOLATED)
clkbuf_leaf_57_clk/X                     10     12     -2 (VIOLATED)
clkbuf_leaf_66_clk/X                     10     12     -2 (VIOLATED)
clkbuf_leaf_71_clk/X                     10     12     -2 (VIOLATED)
clkbuf_leaf_74_clk/X                     10     12     -2 (VIOLATED)
clkbuf_leaf_79_clk/X                     10     12     -2 (VIOLATED)
clkbuf_leaf_83_clk/X                     10     12     -2 (VIOLATED)
_06631_/X                                10     11        (VIOLATED)
_06637_/X                                10     11        (VIOLATED)
_06642_/X                                10     11        (VIOLATED)
_06647_/X                                10     11        (VIOLATED)
_06688_/X                                10     11        (VIOLATED)
_06692_/X                                10     11        (VIOLATED)
_06703_/X                                10     11        (VIOLATED)
_06704_/X                                10     11        (VIOLATED)
_06723_/X                                10     11        (VIOLATED)
_06731_/X                                10     11        (VIOLATED)
_06741_/X                                10     11        (VIOLATED)
_06748_/X                                10     11        (VIOLATED)
_06761_/X                                10     11        (VIOLATED)
_06766_/X                                10     11        (VIOLATED)
_06771_/X                                10     11        (VIOLATED)
_06774_/X                                10     11        (VIOLATED)
_06780_/X                                10     11        (VIOLATED)
_06805_/X                                10     11        (VIOLATED)
_06845_/X                                10     11        (VIOLATED)
_06896_/X                                10     11        (VIOLATED)
_06910_/X                                10     11        (VIOLATED)
_06917_/X                                10     11        (VIOLATED)
_06918_/X                                10     11        (VIOLATED)
_06926_/X                                10     11        (VIOLATED)
_06946_/X                                10     11        (VIOLATED)
_06977_/X                                10     11        (VIOLATED)
_06989_/X                                10     11        (VIOLATED)
_06999_/X                                10     11        (VIOLATED)
_07011_/X                                10     11        (VIOLATED)
_07040_/X                                10     11        (VIOLATED)
_07073_/X                                10     11        (VIOLATED)
_07185_/X                                10     11        (VIOLATED)
_07211_/X                                10     11        (VIOLATED)
_07241_/X                                10     11        (VIOLATED)
_07347_/X                                10     11        (VIOLATED)
_07390_/X                                10     11        (VIOLATED)
_07410_/X                                10     11        (VIOLATED)
_07869_/X                                10     11        (VIOLATED)
_08782_/X                                10     11        (VIOLATED)
_09628_/X                                10     11        (VIOLATED)
_12658_/X                                10     11        (VIOLATED)
_12713_/X                                10     11        (VIOLATED)
_12978_/X                                10     11        (VIOLATED)
_12984_/X                                10     11        (VIOLATED)
_15410_/Q                                10     11        (VIOLATED)
clkbuf_4_10_0_clk/X                      10     11        (VIOLATED)
clkbuf_4_15_0_clk/X                      10     11        (VIOLATED)
clkbuf_leaf_105_clk/X                    10     11        (VIOLATED)
clkbuf_leaf_125_clk/X                    10     11        (VIOLATED)
clkbuf_leaf_136_clk/X                    10     11        (VIOLATED)
clkbuf_leaf_137_clk/X                    10     11        (VIOLATED)
clkbuf_leaf_13_clk/X                     10     11        (VIOLATED)
clkbuf_leaf_145_clk/X                    10     11        (VIOLATED)
clkbuf_leaf_154_clk/X                    10     11        (VIOLATED)
clkbuf_leaf_158_clk/X                    10     11        (VIOLATED)
clkbuf_leaf_165_clk/X                    10     11        (VIOLATED)
clkbuf_leaf_169_clk/X                    10     11        (VIOLATED)
clkbuf_leaf_16_clk/X                     10     11        (VIOLATED)
clkbuf_leaf_172_clk/X                    10     11        (VIOLATED)
clkbuf_leaf_177_clk/X                    10     11        (VIOLATED)
clkbuf_leaf_17_clk/X                     10     11        (VIOLATED)
clkbuf_leaf_180_clk/X                    10     11        (VIOLATED)
clkbuf_leaf_182_clk/X                    10     11        (VIOLATED)
clkbuf_leaf_195_clk/X                    10     11        (VIOLATED)
clkbuf_leaf_43_clk/X                     10     11        (VIOLATED)
clkbuf_leaf_49_clk/X                     10     11        (VIOLATED)
clkbuf_leaf_50_clk/X                     10     11        (VIOLATED)
clkbuf_leaf_61_clk/X                     10     11        (VIOLATED)
clkbuf_leaf_63_clk/X                     10     11        (VIOLATED)
clkbuf_leaf_67_clk/X                     10     11        (VIOLATED)
clkbuf_leaf_70_clk/X                     10     11        (VIOLATED)
clkbuf_leaf_76_clk/X                     10     11        (VIOLATED)
clkbuf_leaf_82_clk/X                     10     11        (VIOLATED)
clkbuf_leaf_97_clk/X                     10     11        (VIOLATED)


max slew violations count Fastest: 0
max fanout violations count Fastest: 261
max cap violations count Fastest: 0
======================= Slowest Corner ===================================

max slew

Pin                                    Limit    Slew   Slack
------------------------------------------------------------
_12992_/A                               0.75    1.10   -0.35 (VIOLATED)
_13183_/A                               0.75    1.10   -0.35 (VIOLATED)
_13151_/A                               0.75    1.10   -0.35 (VIOLATED)
_13056_/A                               0.75    1.10   -0.35 (VIOLATED)
_13024_/A                               0.75    1.09   -0.34 (VIOLATED)
_12991_/Y                               0.75    1.09   -0.34 (VIOLATED)
_12978_/A                               0.75    1.09   -0.34 (VIOLATED)
_13021_/A                               0.75    1.09   -0.34 (VIOLATED)
_13212_/A                               0.75    1.09   -0.34 (VIOLATED)
_13180_/A                               0.75    1.09   -0.34 (VIOLATED)
_13148_/A                               0.75    1.09   -0.34 (VIOLATED)
_13053_/A                               0.75    1.09   -0.34 (VIOLATED)
_12973_/A1                              0.75    1.09   -0.34 (VIOLATED)
_12967_/Y                               0.75    1.09   -0.34 (VIOLATED)
_06622_/A                               0.75    1.07   -0.32 (VIOLATED)
_07853_/A2                              0.75    1.07   -0.32 (VIOLATED)
_07826_/A                               0.75    1.07   -0.32 (VIOLATED)
_07864_/A2                              0.75    1.07   -0.32 (VIOLATED)
_07859_/A2                              0.75    1.07   -0.32 (VIOLATED)
_07855_/A2                              0.75    1.07   -0.32 (VIOLATED)
_07861_/A2                              0.75    1.07   -0.32 (VIOLATED)
_07867_/A2                              0.75    1.07   -0.32 (VIOLATED)
_07857_/A2                              0.75    1.07   -0.32 (VIOLATED)
_06621_/Y                               0.75    1.06   -0.31 (VIOLATED)
_08553_/B                               0.75    0.89   -0.14 (VIOLATED)
_08689_/A                               0.75    0.89   -0.14 (VIOLATED)
_06615_/A                               0.75    0.89   -0.14 (VIOLATED)
_08606_/A                               0.75    0.89   -0.14 (VIOLATED)
_08115_/A                               0.75    0.89   -0.14 (VIOLATED)
_08169_/A                               0.75    0.89   -0.14 (VIOLATED)
_07998_/A                               0.75    0.89   -0.14 (VIOLATED)
_06611_/Y                               0.75    0.89   -0.14 (VIOLATED)
output168/A                             0.75    0.76   -0.01 (VIOLATED)
_07799_/B                               0.75    0.76   -0.01 (VIOLATED)
_07797_/B                               0.75    0.76   -0.01 (VIOLATED)
_07795_/B                               0.75    0.76   -0.01 (VIOLATED)
_07793_/B                               0.75    0.76   -0.01 (VIOLATED)
_06623_/Y                               0.75    0.76   -0.01 (VIOLATED)
_07933_/Y                               0.75    0.76   -0.01 (VIOLATED)
wire203/A                               0.75    0.76   -0.01 (VIOLATED)

max fanout

Pin                                   Limit Fanout  Slack
---------------------------------------------------------
clkbuf_leaf_131_clk/X                    10     21    -11 (VIOLATED)
clkbuf_leaf_126_clk/X                    10     20    -10 (VIOLATED)
clkbuf_leaf_138_clk/X                    10     19     -9 (VIOLATED)
clkbuf_leaf_4_clk/X                      10     19     -9 (VIOLATED)
_06826_/X                                10     18     -8 (VIOLATED)
clkbuf_0_clk/X                           10     18     -8 (VIOLATED)
clkbuf_leaf_68_clk/X                     10     18     -8 (VIOLATED)
clkbuf_leaf_69_clk/X                     10     18     -8 (VIOLATED)
_06815_/X                                10     17     -7 (VIOLATED)
clkbuf_leaf_175_clk/X                    10     17     -7 (VIOLATED)
_06708_/X                                10     16     -6 (VIOLATED)
_06737_/X                                10     16     -6 (VIOLATED)
_06806_/X                                10     16     -6 (VIOLATED)
_06911_/X                                10     16     -6 (VIOLATED)
_06996_/X                                10     16     -6 (VIOLATED)
clkbuf_leaf_101_clk/X                    10     16     -6 (VIOLATED)
clkbuf_leaf_155_clk/X                    10     16     -6 (VIOLATED)
clkbuf_leaf_157_clk/X                    10     16     -6 (VIOLATED)
clkbuf_leaf_179_clk/X                    10     16     -6 (VIOLATED)
clkbuf_leaf_185_clk/X                    10     16     -6 (VIOLATED)
clkbuf_leaf_73_clk/X                     10     16     -6 (VIOLATED)
clkbuf_leaf_81_clk/X                     10     16     -6 (VIOLATED)
clkbuf_leaf_86_clk/X                     10     16     -6 (VIOLATED)
_06765_/X                                10     15     -5 (VIOLATED)
_07014_/X                                10     15     -5 (VIOLATED)
_07094_/X                                10     15     -5 (VIOLATED)
_07214_/X                                10     15     -5 (VIOLATED)
clkbuf_leaf_115_clk/X                    10     15     -5 (VIOLATED)
clkbuf_leaf_12_clk/X                     10     15     -5 (VIOLATED)
clkbuf_leaf_162_clk/X                    10     15     -5 (VIOLATED)
clkbuf_leaf_171_clk/X                    10     15     -5 (VIOLATED)
clkbuf_leaf_176_clk/X                    10     15     -5 (VIOLATED)
clkbuf_leaf_18_clk/X                     10     15     -5 (VIOLATED)
clkbuf_leaf_22_clk/X                     10     15     -5 (VIOLATED)
clkbuf_leaf_59_clk/X                     10     15     -5 (VIOLATED)
clkbuf_leaf_65_clk/X                     10     15     -5 (VIOLATED)
clkbuf_leaf_75_clk/X                     10     15     -5 (VIOLATED)
clkbuf_leaf_7_clk/X                      10     15     -5 (VIOLATED)
clkbuf_leaf_80_clk/X                     10     15     -5 (VIOLATED)
clkbuf_leaf_88_clk/X                     10     15     -5 (VIOLATED)
clkbuf_leaf_96_clk/X                     10     15     -5 (VIOLATED)
clkbuf_leaf_9_clk/X                      10     15     -5 (VIOLATED)
_06636_/X                                10     14     -4 (VIOLATED)
_06789_/X                                10     14     -4 (VIOLATED)
_06833_/X                                10     14     -4 (VIOLATED)
_06859_/X                                10     14     -4 (VIOLATED)
clkbuf_4_0_0_clk/X                       10     14     -4 (VIOLATED)
clkbuf_4_13_0_clk/X                      10     14     -4 (VIOLATED)
clkbuf_4_14_0_clk/X                      10     14     -4 (VIOLATED)
clkbuf_4_2_0_clk/X                       10     14     -4 (VIOLATED)
clkbuf_4_3_0_clk/X                       10     14     -4 (VIOLATED)
clkbuf_4_4_0_clk/X                       10     14     -4 (VIOLATED)
clkbuf_4_6_0_clk/X                       10     14     -4 (VIOLATED)
clkbuf_4_7_0_clk/X                       10     14     -4 (VIOLATED)
clkbuf_4_8_0_clk/X                       10     14     -4 (VIOLATED)
clkbuf_leaf_0_clk/X                      10     14     -4 (VIOLATED)
clkbuf_leaf_103_clk/X                    10     14     -4 (VIOLATED)
clkbuf_leaf_111_clk/X                    10     14     -4 (VIOLATED)
clkbuf_leaf_113_clk/X                    10     14     -4 (VIOLATED)
clkbuf_leaf_118_clk/X                    10     14     -4 (VIOLATED)
clkbuf_leaf_123_clk/X                    10     14     -4 (VIOLATED)
clkbuf_leaf_128_clk/X                    10     14     -4 (VIOLATED)
clkbuf_leaf_130_clk/X                    10     14     -4 (VIOLATED)
clkbuf_leaf_151_clk/X                    10     14     -4 (VIOLATED)
clkbuf_leaf_152_clk/X                    10     14     -4 (VIOLATED)
clkbuf_leaf_153_clk/X                    10     14     -4 (VIOLATED)
clkbuf_leaf_164_clk/X                    10     14     -4 (VIOLATED)
clkbuf_leaf_167_clk/X                    10     14     -4 (VIOLATED)
clkbuf_leaf_187_clk/X                    10     14     -4 (VIOLATED)
clkbuf_leaf_190_clk/X                    10     14     -4 (VIOLATED)
clkbuf_leaf_191_clk/X                    10     14     -4 (VIOLATED)
clkbuf_leaf_193_clk/X                    10     14     -4 (VIOLATED)
clkbuf_leaf_24_clk/X                     10     14     -4 (VIOLATED)
clkbuf_leaf_32_clk/X                     10     14     -4 (VIOLATED)
clkbuf_leaf_33_clk/X                     10     14     -4 (VIOLATED)
clkbuf_leaf_37_clk/X                     10     14     -4 (VIOLATED)
clkbuf_leaf_40_clk/X                     10     14     -4 (VIOLATED)
clkbuf_leaf_53_clk/X                     10     14     -4 (VIOLATED)
clkbuf_leaf_55_clk/X                     10     14     -4 (VIOLATED)
clkbuf_leaf_56_clk/X                     10     14     -4 (VIOLATED)
clkbuf_leaf_60_clk/X                     10     14     -4 (VIOLATED)
clkbuf_leaf_6_clk/X                      10     14     -4 (VIOLATED)
clkbuf_leaf_89_clk/X                     10     14     -4 (VIOLATED)
clkbuf_leaf_8_clk/X                      10     14     -4 (VIOLATED)
_06693_/X                                10     13     -3 (VIOLATED)
_06718_/X                                10     13     -3 (VIOLATED)
_06787_/X                                10     13     -3 (VIOLATED)
_06799_/X                                10     13     -3 (VIOLATED)
_06842_/X                                10     13     -3 (VIOLATED)
_06903_/X                                10     13     -3 (VIOLATED)
_06930_/X                                10     13     -3 (VIOLATED)
_06972_/X                                10     13     -3 (VIOLATED)
_06974_/X                                10     13     -3 (VIOLATED)
_07002_/X                                10     13     -3 (VIOLATED)
_07046_/X                                10     13     -3 (VIOLATED)
_07208_/X                                10     13     -3 (VIOLATED)
_07564_/X                                10     13     -3 (VIOLATED)
clkbuf_4_11_0_clk/X                      10     13     -3 (VIOLATED)
clkbuf_4_1_0_clk/X                       10     13     -3 (VIOLATED)
clkbuf_4_5_0_clk/X                       10     13     -3 (VIOLATED)
clkbuf_leaf_100_clk/X                    10     13     -3 (VIOLATED)
clkbuf_leaf_10_clk/X                     10     13     -3 (VIOLATED)
clkbuf_leaf_112_clk/X                    10     13     -3 (VIOLATED)
clkbuf_leaf_114_clk/X                    10     13     -3 (VIOLATED)
clkbuf_leaf_119_clk/X                    10     13     -3 (VIOLATED)
clkbuf_leaf_11_clk/X                     10     13     -3 (VIOLATED)
clkbuf_leaf_122_clk/X                    10     13     -3 (VIOLATED)
clkbuf_leaf_124_clk/X                    10     13     -3 (VIOLATED)
clkbuf_leaf_134_clk/X                    10     13     -3 (VIOLATED)
clkbuf_leaf_142_clk/X                    10     13     -3 (VIOLATED)
clkbuf_leaf_144_clk/X                    10     13     -3 (VIOLATED)
clkbuf_leaf_147_clk/X                    10     13     -3 (VIOLATED)
clkbuf_leaf_148_clk/X                    10     13     -3 (VIOLATED)
clkbuf_leaf_149_clk/X                    10     13     -3 (VIOLATED)
clkbuf_leaf_163_clk/X                    10     13     -3 (VIOLATED)
clkbuf_leaf_166_clk/X                    10     13     -3 (VIOLATED)
clkbuf_leaf_178_clk/X                    10     13     -3 (VIOLATED)
clkbuf_leaf_188_clk/X                    10     13     -3 (VIOLATED)
clkbuf_leaf_192_clk/X                    10     13     -3 (VIOLATED)
clkbuf_leaf_196_clk/X                    10     13     -3 (VIOLATED)
clkbuf_leaf_1_clk/X                      10     13     -3 (VIOLATED)
clkbuf_leaf_25_clk/X                     10     13     -3 (VIOLATED)
clkbuf_leaf_28_clk/X                     10     13     -3 (VIOLATED)
clkbuf_leaf_30_clk/X                     10     13     -3 (VIOLATED)
clkbuf_leaf_31_clk/X                     10     13     -3 (VIOLATED)
clkbuf_leaf_35_clk/X                     10     13     -3 (VIOLATED)
clkbuf_leaf_42_clk/X                     10     13     -3 (VIOLATED)
clkbuf_leaf_46_clk/X                     10     13     -3 (VIOLATED)
clkbuf_leaf_47_clk/X                     10     13     -3 (VIOLATED)
clkbuf_leaf_52_clk/X                     10     13     -3 (VIOLATED)
clkbuf_leaf_54_clk/X                     10     13     -3 (VIOLATED)
clkbuf_leaf_5_clk/X                      10     13     -3 (VIOLATED)
clkbuf_leaf_62_clk/X                     10     13     -3 (VIOLATED)
clkbuf_leaf_72_clk/X                     10     13     -3 (VIOLATED)
clkbuf_leaf_77_clk/X                     10     13     -3 (VIOLATED)
clkbuf_leaf_78_clk/X                     10     13     -3 (VIOLATED)
clkbuf_leaf_91_clk/X                     10     13     -3 (VIOLATED)
clkbuf_leaf_94_clk/X                     10     13     -3 (VIOLATED)
clkbuf_leaf_95_clk/X                     10     13     -3 (VIOLATED)
clkbuf_leaf_98_clk/X                     10     13     -3 (VIOLATED)
_06707_/X                                10     12     -2 (VIOLATED)
_06713_/X                                10     12     -2 (VIOLATED)
_06724_/X                                10     12     -2 (VIOLATED)
_06752_/X                                10     12     -2 (VIOLATED)
_06759_/X                                10     12     -2 (VIOLATED)
_06792_/X                                10     12     -2 (VIOLATED)
_06793_/X                                10     12     -2 (VIOLATED)
_06794_/X                                10     12     -2 (VIOLATED)
_06800_/X                                10     12     -2 (VIOLATED)
_06811_/X                                10     12     -2 (VIOLATED)
_06818_/X                                10     12     -2 (VIOLATED)
_06827_/X                                10     12     -2 (VIOLATED)
_06856_/X                                10     12     -2 (VIOLATED)
_06864_/X                                10     12     -2 (VIOLATED)
_06891_/X                                10     12     -2 (VIOLATED)
_06898_/X                                10     12     -2 (VIOLATED)
_06900_/X                                10     12     -2 (VIOLATED)
_06914_/X                                10     12     -2 (VIOLATED)
_06928_/X                                10     12     -2 (VIOLATED)
_06947_/X                                10     12     -2 (VIOLATED)
_06973_/X                                10     12     -2 (VIOLATED)
_07373_/X                                10     12     -2 (VIOLATED)
_08857_/X                                10     12     -2 (VIOLATED)
_09625_/X                                10     12     -2 (VIOLATED)
clkbuf_4_12_0_clk/X                      10     12     -2 (VIOLATED)
clkbuf_4_9_0_clk/X                       10     12     -2 (VIOLATED)
clkbuf_leaf_104_clk/X                    10     12     -2 (VIOLATED)
clkbuf_leaf_109_clk/X                    10     12     -2 (VIOLATED)
clkbuf_leaf_110_clk/X                    10     12     -2 (VIOLATED)
clkbuf_leaf_140_clk/X                    10     12     -2 (VIOLATED)
clkbuf_leaf_150_clk/X                    10     12     -2 (VIOLATED)
clkbuf_leaf_161_clk/X                    10     12     -2 (VIOLATED)
clkbuf_leaf_168_clk/X                    10     12     -2 (VIOLATED)
clkbuf_leaf_173_clk/X                    10     12     -2 (VIOLATED)
clkbuf_leaf_181_clk/X                    10     12     -2 (VIOLATED)
clkbuf_leaf_34_clk/X                     10     12     -2 (VIOLATED)
clkbuf_leaf_39_clk/X                     10     12     -2 (VIOLATED)
clkbuf_leaf_3_clk/X                      10     12     -2 (VIOLATED)
clkbuf_leaf_41_clk/X                     10     12     -2 (VIOLATED)
clkbuf_leaf_44_clk/X                     10     12     -2 (VIOLATED)
clkbuf_leaf_48_clk/X                     10     12     -2 (VIOLATED)
clkbuf_leaf_57_clk/X                     10     12     -2 (VIOLATED)
clkbuf_leaf_66_clk/X                     10     12     -2 (VIOLATED)
clkbuf_leaf_71_clk/X                     10     12     -2 (VIOLATED)
clkbuf_leaf_74_clk/X                     10     12     -2 (VIOLATED)
clkbuf_leaf_79_clk/X                     10     12     -2 (VIOLATED)
clkbuf_leaf_83_clk/X                     10     12     -2 (VIOLATED)
_06631_/X                                10     11        (VIOLATED)
_06637_/X                                10     11        (VIOLATED)
_06642_/X                                10     11        (VIOLATED)
_06647_/X                                10     11        (VIOLATED)
_06688_/X                                10     11        (VIOLATED)
_06692_/X                                10     11        (VIOLATED)
_06703_/X                                10     11        (VIOLATED)
_06704_/X                                10     11        (VIOLATED)
_06723_/X                                10     11        (VIOLATED)
_06731_/X                                10     11        (VIOLATED)
_06741_/X                                10     11        (VIOLATED)
_06748_/X                                10     11        (VIOLATED)
_06761_/X                                10     11        (VIOLATED)
_06766_/X                                10     11        (VIOLATED)
_06771_/X                                10     11        (VIOLATED)
_06774_/X                                10     11        (VIOLATED)
_06780_/X                                10     11        (VIOLATED)
_06805_/X                                10     11        (VIOLATED)
_06845_/X                                10     11        (VIOLATED)
_06896_/X                                10     11        (VIOLATED)
_06910_/X                                10     11        (VIOLATED)
_06917_/X                                10     11        (VIOLATED)
_06918_/X                                10     11        (VIOLATED)
_06926_/X                                10     11        (VIOLATED)
_06946_/X                                10     11        (VIOLATED)
_06977_/X                                10     11        (VIOLATED)
_06989_/X                                10     11        (VIOLATED)
_06999_/X                                10     11        (VIOLATED)
_07011_/X                                10     11        (VIOLATED)
_07040_/X                                10     11        (VIOLATED)
_07073_/X                                10     11        (VIOLATED)
_07185_/X                                10     11        (VIOLATED)
_07211_/X                                10     11        (VIOLATED)
_07241_/X                                10     11        (VIOLATED)
_07347_/X                                10     11        (VIOLATED)
_07390_/X                                10     11        (VIOLATED)
_07410_/X                                10     11        (VIOLATED)
_07869_/X                                10     11        (VIOLATED)
_08782_/X                                10     11        (VIOLATED)
_09628_/X                                10     11        (VIOLATED)
_12658_/X                                10     11        (VIOLATED)
_12713_/X                                10     11        (VIOLATED)
_12978_/X                                10     11        (VIOLATED)
_12984_/X                                10     11        (VIOLATED)
_15410_/Q                                10     11        (VIOLATED)
clkbuf_4_10_0_clk/X                      10     11        (VIOLATED)
clkbuf_4_15_0_clk/X                      10     11        (VIOLATED)
clkbuf_leaf_105_clk/X                    10     11        (VIOLATED)
clkbuf_leaf_125_clk/X                    10     11        (VIOLATED)
clkbuf_leaf_136_clk/X                    10     11        (VIOLATED)
clkbuf_leaf_137_clk/X                    10     11        (VIOLATED)
clkbuf_leaf_13_clk/X                     10     11        (VIOLATED)
clkbuf_leaf_145_clk/X                    10     11        (VIOLATED)
clkbuf_leaf_154_clk/X                    10     11        (VIOLATED)
clkbuf_leaf_158_clk/X                    10     11        (VIOLATED)
clkbuf_leaf_165_clk/X                    10     11        (VIOLATED)
clkbuf_leaf_169_clk/X                    10     11        (VIOLATED)
clkbuf_leaf_16_clk/X                     10     11        (VIOLATED)
clkbuf_leaf_172_clk/X                    10     11        (VIOLATED)
clkbuf_leaf_177_clk/X                    10     11        (VIOLATED)
clkbuf_leaf_17_clk/X                     10     11        (VIOLATED)
clkbuf_leaf_180_clk/X                    10     11        (VIOLATED)
clkbuf_leaf_182_clk/X                    10     11        (VIOLATED)
clkbuf_leaf_195_clk/X                    10     11        (VIOLATED)
clkbuf_leaf_43_clk/X                     10     11        (VIOLATED)
clkbuf_leaf_49_clk/X                     10     11        (VIOLATED)
clkbuf_leaf_50_clk/X                     10     11        (VIOLATED)
clkbuf_leaf_61_clk/X                     10     11        (VIOLATED)
clkbuf_leaf_63_clk/X                     10     11        (VIOLATED)
clkbuf_leaf_67_clk/X                     10     11        (VIOLATED)
clkbuf_leaf_70_clk/X                     10     11        (VIOLATED)
clkbuf_leaf_76_clk/X                     10     11        (VIOLATED)
clkbuf_leaf_82_clk/X                     10     11        (VIOLATED)
clkbuf_leaf_97_clk/X                     10     11        (VIOLATED)


max slew violations count Slowest: 40
max fanout violations count Slowest: 261
max cap violations count Slowest: 0
======================= Typical Corner ===================================

max fanout

Pin                                   Limit Fanout  Slack
---------------------------------------------------------
clkbuf_leaf_131_clk/X                    10     21    -11 (VIOLATED)
clkbuf_leaf_126_clk/X                    10     20    -10 (VIOLATED)
clkbuf_leaf_138_clk/X                    10     19     -9 (VIOLATED)
clkbuf_leaf_4_clk/X                      10     19     -9 (VIOLATED)
_06826_/X                                10     18     -8 (VIOLATED)
clkbuf_0_clk/X                           10     18     -8 (VIOLATED)
clkbuf_leaf_68_clk/X                     10     18     -8 (VIOLATED)
clkbuf_leaf_69_clk/X                     10     18     -8 (VIOLATED)
_06815_/X                                10     17     -7 (VIOLATED)
clkbuf_leaf_175_clk/X                    10     17     -7 (VIOLATED)
_06708_/X                                10     16     -6 (VIOLATED)
_06737_/X                                10     16     -6 (VIOLATED)
_06806_/X                                10     16     -6 (VIOLATED)
_06911_/X                                10     16     -6 (VIOLATED)
_06996_/X                                10     16     -6 (VIOLATED)
clkbuf_leaf_101_clk/X                    10     16     -6 (VIOLATED)
clkbuf_leaf_155_clk/X                    10     16     -6 (VIOLATED)
clkbuf_leaf_157_clk/X                    10     16     -6 (VIOLATED)
clkbuf_leaf_179_clk/X                    10     16     -6 (VIOLATED)
clkbuf_leaf_185_clk/X                    10     16     -6 (VIOLATED)
clkbuf_leaf_73_clk/X                     10     16     -6 (VIOLATED)
clkbuf_leaf_81_clk/X                     10     16     -6 (VIOLATED)
clkbuf_leaf_86_clk/X                     10     16     -6 (VIOLATED)
_06765_/X                                10     15     -5 (VIOLATED)
_07014_/X                                10     15     -5 (VIOLATED)
_07094_/X                                10     15     -5 (VIOLATED)
_07214_/X                                10     15     -5 (VIOLATED)
clkbuf_leaf_115_clk/X                    10     15     -5 (VIOLATED)
clkbuf_leaf_12_clk/X                     10     15     -5 (VIOLATED)
clkbuf_leaf_162_clk/X                    10     15     -5 (VIOLATED)
clkbuf_leaf_171_clk/X                    10     15     -5 (VIOLATED)
clkbuf_leaf_176_clk/X                    10     15     -5 (VIOLATED)
clkbuf_leaf_18_clk/X                     10     15     -5 (VIOLATED)
clkbuf_leaf_22_clk/X                     10     15     -5 (VIOLATED)
clkbuf_leaf_59_clk/X                     10     15     -5 (VIOLATED)
clkbuf_leaf_65_clk/X                     10     15     -5 (VIOLATED)
clkbuf_leaf_75_clk/X                     10     15     -5 (VIOLATED)
clkbuf_leaf_7_clk/X                      10     15     -5 (VIOLATED)
clkbuf_leaf_80_clk/X                     10     15     -5 (VIOLATED)
clkbuf_leaf_88_clk/X                     10     15     -5 (VIOLATED)
clkbuf_leaf_96_clk/X                     10     15     -5 (VIOLATED)
clkbuf_leaf_9_clk/X                      10     15     -5 (VIOLATED)
_06636_/X                                10     14     -4 (VIOLATED)
_06789_/X                                10     14     -4 (VIOLATED)
_06833_/X                                10     14     -4 (VIOLATED)
_06859_/X                                10     14     -4 (VIOLATED)
clkbuf_4_0_0_clk/X                       10     14     -4 (VIOLATED)
clkbuf_4_13_0_clk/X                      10     14     -4 (VIOLATED)
clkbuf_4_14_0_clk/X                      10     14     -4 (VIOLATED)
clkbuf_4_2_0_clk/X                       10     14     -4 (VIOLATED)
clkbuf_4_3_0_clk/X                       10     14     -4 (VIOLATED)
clkbuf_4_4_0_clk/X                       10     14     -4 (VIOLATED)
clkbuf_4_6_0_clk/X                       10     14     -4 (VIOLATED)
clkbuf_4_7_0_clk/X                       10     14     -4 (VIOLATED)
clkbuf_4_8_0_clk/X                       10     14     -4 (VIOLATED)
clkbuf_leaf_0_clk/X                      10     14     -4 (VIOLATED)
clkbuf_leaf_103_clk/X                    10     14     -4 (VIOLATED)
clkbuf_leaf_111_clk/X                    10     14     -4 (VIOLATED)
clkbuf_leaf_113_clk/X                    10     14     -4 (VIOLATED)
clkbuf_leaf_118_clk/X                    10     14     -4 (VIOLATED)
clkbuf_leaf_123_clk/X                    10     14     -4 (VIOLATED)
clkbuf_leaf_128_clk/X                    10     14     -4 (VIOLATED)
clkbuf_leaf_130_clk/X                    10     14     -4 (VIOLATED)
clkbuf_leaf_151_clk/X                    10     14     -4 (VIOLATED)
clkbuf_leaf_152_clk/X                    10     14     -4 (VIOLATED)
clkbuf_leaf_153_clk/X                    10     14     -4 (VIOLATED)
clkbuf_leaf_164_clk/X                    10     14     -4 (VIOLATED)
clkbuf_leaf_167_clk/X                    10     14     -4 (VIOLATED)
clkbuf_leaf_187_clk/X                    10     14     -4 (VIOLATED)
clkbuf_leaf_190_clk/X                    10     14     -4 (VIOLATED)
clkbuf_leaf_191_clk/X                    10     14     -4 (VIOLATED)
clkbuf_leaf_193_clk/X                    10     14     -4 (VIOLATED)
clkbuf_leaf_24_clk/X                     10     14     -4 (VIOLATED)
clkbuf_leaf_32_clk/X                     10     14     -4 (VIOLATED)
clkbuf_leaf_33_clk/X                     10     14     -4 (VIOLATED)
clkbuf_leaf_37_clk/X                     10     14     -4 (VIOLATED)
clkbuf_leaf_40_clk/X                     10     14     -4 (VIOLATED)
clkbuf_leaf_53_clk/X                     10     14     -4 (VIOLATED)
clkbuf_leaf_55_clk/X                     10     14     -4 (VIOLATED)
clkbuf_leaf_56_clk/X                     10     14     -4 (VIOLATED)
clkbuf_leaf_60_clk/X                     10     14     -4 (VIOLATED)
clkbuf_leaf_6_clk/X                      10     14     -4 (VIOLATED)
clkbuf_leaf_89_clk/X                     10     14     -4 (VIOLATED)
clkbuf_leaf_8_clk/X                      10     14     -4 (VIOLATED)
_06693_/X                                10     13     -3 (VIOLATED)
_06718_/X                                10     13     -3 (VIOLATED)
_06787_/X                                10     13     -3 (VIOLATED)
_06799_/X                                10     13     -3 (VIOLATED)
_06842_/X                                10     13     -3 (VIOLATED)
_06903_/X                                10     13     -3 (VIOLATED)
_06930_/X                                10     13     -3 (VIOLATED)
_06972_/X                                10     13     -3 (VIOLATED)
_06974_/X                                10     13     -3 (VIOLATED)
_07002_/X                                10     13     -3 (VIOLATED)
_07046_/X                                10     13     -3 (VIOLATED)
_07208_/X                                10     13     -3 (VIOLATED)
_07564_/X                                10     13     -3 (VIOLATED)
clkbuf_4_11_0_clk/X                      10     13     -3 (VIOLATED)
clkbuf_4_1_0_clk/X                       10     13     -3 (VIOLATED)
clkbuf_4_5_0_clk/X                       10     13     -3 (VIOLATED)
clkbuf_leaf_100_clk/X                    10     13     -3 (VIOLATED)
clkbuf_leaf_10_clk/X                     10     13     -3 (VIOLATED)
clkbuf_leaf_112_clk/X                    10     13     -3 (VIOLATED)
clkbuf_leaf_114_clk/X                    10     13     -3 (VIOLATED)
clkbuf_leaf_119_clk/X                    10     13     -3 (VIOLATED)
clkbuf_leaf_11_clk/X                     10     13     -3 (VIOLATED)
clkbuf_leaf_122_clk/X                    10     13     -3 (VIOLATED)
clkbuf_leaf_124_clk/X                    10     13     -3 (VIOLATED)
clkbuf_leaf_134_clk/X                    10     13     -3 (VIOLATED)
clkbuf_leaf_142_clk/X                    10     13     -3 (VIOLATED)
clkbuf_leaf_144_clk/X                    10     13     -3 (VIOLATED)
clkbuf_leaf_147_clk/X                    10     13     -3 (VIOLATED)
clkbuf_leaf_148_clk/X                    10     13     -3 (VIOLATED)
clkbuf_leaf_149_clk/X                    10     13     -3 (VIOLATED)
clkbuf_leaf_163_clk/X                    10     13     -3 (VIOLATED)
clkbuf_leaf_166_clk/X                    10     13     -3 (VIOLATED)
clkbuf_leaf_178_clk/X                    10     13     -3 (VIOLATED)
clkbuf_leaf_188_clk/X                    10     13     -3 (VIOLATED)
clkbuf_leaf_192_clk/X                    10     13     -3 (VIOLATED)
clkbuf_leaf_196_clk/X                    10     13     -3 (VIOLATED)
clkbuf_leaf_1_clk/X                      10     13     -3 (VIOLATED)
clkbuf_leaf_25_clk/X                     10     13     -3 (VIOLATED)
clkbuf_leaf_28_clk/X                     10     13     -3 (VIOLATED)
clkbuf_leaf_30_clk/X                     10     13     -3 (VIOLATED)
clkbuf_leaf_31_clk/X                     10     13     -3 (VIOLATED)
clkbuf_leaf_35_clk/X                     10     13     -3 (VIOLATED)
clkbuf_leaf_42_clk/X                     10     13     -3 (VIOLATED)
clkbuf_leaf_46_clk/X                     10     13     -3 (VIOLATED)
clkbuf_leaf_47_clk/X                     10     13     -3 (VIOLATED)
clkbuf_leaf_52_clk/X                     10     13     -3 (VIOLATED)
clkbuf_leaf_54_clk/X                     10     13     -3 (VIOLATED)
clkbuf_leaf_5_clk/X                      10     13     -3 (VIOLATED)
clkbuf_leaf_62_clk/X                     10     13     -3 (VIOLATED)
clkbuf_leaf_72_clk/X                     10     13     -3 (VIOLATED)
clkbuf_leaf_77_clk/X                     10     13     -3 (VIOLATED)
clkbuf_leaf_78_clk/X                     10     13     -3 (VIOLATED)
clkbuf_leaf_91_clk/X                     10     13     -3 (VIOLATED)
clkbuf_leaf_94_clk/X                     10     13     -3 (VIOLATED)
clkbuf_leaf_95_clk/X                     10     13     -3 (VIOLATED)
clkbuf_leaf_98_clk/X                     10     13     -3 (VIOLATED)
_06707_/X                                10     12     -2 (VIOLATED)
_06713_/X                                10     12     -2 (VIOLATED)
_06724_/X                                10     12     -2 (VIOLATED)
_06752_/X                                10     12     -2 (VIOLATED)
_06759_/X                                10     12     -2 (VIOLATED)
_06792_/X                                10     12     -2 (VIOLATED)
_06793_/X                                10     12     -2 (VIOLATED)
_06794_/X                                10     12     -2 (VIOLATED)
_06800_/X                                10     12     -2 (VIOLATED)
_06811_/X                                10     12     -2 (VIOLATED)
_06818_/X                                10     12     -2 (VIOLATED)
_06827_/X                                10     12     -2 (VIOLATED)
_06856_/X                                10     12     -2 (VIOLATED)
_06864_/X                                10     12     -2 (VIOLATED)
_06891_/X                                10     12     -2 (VIOLATED)
_06898_/X                                10     12     -2 (VIOLATED)
_06900_/X                                10     12     -2 (VIOLATED)
_06914_/X                                10     12     -2 (VIOLATED)
_06928_/X                                10     12     -2 (VIOLATED)
_06947_/X                                10     12     -2 (VIOLATED)
_06973_/X                                10     12     -2 (VIOLATED)
_07373_/X                                10     12     -2 (VIOLATED)
_08857_/X                                10     12     -2 (VIOLATED)
_09625_/X                                10     12     -2 (VIOLATED)
clkbuf_4_12_0_clk/X                      10     12     -2 (VIOLATED)
clkbuf_4_9_0_clk/X                       10     12     -2 (VIOLATED)
clkbuf_leaf_104_clk/X                    10     12     -2 (VIOLATED)
clkbuf_leaf_109_clk/X                    10     12     -2 (VIOLATED)
clkbuf_leaf_110_clk/X                    10     12     -2 (VIOLATED)
clkbuf_leaf_140_clk/X                    10     12     -2 (VIOLATED)
clkbuf_leaf_150_clk/X                    10     12     -2 (VIOLATED)
clkbuf_leaf_161_clk/X                    10     12     -2 (VIOLATED)
clkbuf_leaf_168_clk/X                    10     12     -2 (VIOLATED)
clkbuf_leaf_173_clk/X                    10     12     -2 (VIOLATED)
clkbuf_leaf_181_clk/X                    10     12     -2 (VIOLATED)
clkbuf_leaf_34_clk/X                     10     12     -2 (VIOLATED)
clkbuf_leaf_39_clk/X                     10     12     -2 (VIOLATED)
clkbuf_leaf_3_clk/X                      10     12     -2 (VIOLATED)
clkbuf_leaf_41_clk/X                     10     12     -2 (VIOLATED)
clkbuf_leaf_44_clk/X                     10     12     -2 (VIOLATED)
clkbuf_leaf_48_clk/X                     10     12     -2 (VIOLATED)
clkbuf_leaf_57_clk/X                     10     12     -2 (VIOLATED)
clkbuf_leaf_66_clk/X                     10     12     -2 (VIOLATED)
clkbuf_leaf_71_clk/X                     10     12     -2 (VIOLATED)
clkbuf_leaf_74_clk/X                     10     12     -2 (VIOLATED)
clkbuf_leaf_79_clk/X                     10     12     -2 (VIOLATED)
clkbuf_leaf_83_clk/X                     10     12     -2 (VIOLATED)
_06631_/X                                10     11        (VIOLATED)
_06637_/X                                10     11        (VIOLATED)
_06642_/X                                10     11        (VIOLATED)
_06647_/X                                10     11        (VIOLATED)
_06688_/X                                10     11        (VIOLATED)
_06692_/X                                10     11        (VIOLATED)
_06703_/X                                10     11        (VIOLATED)
_06704_/X                                10     11        (VIOLATED)
_06723_/X                                10     11        (VIOLATED)
_06731_/X                                10     11        (VIOLATED)
_06741_/X                                10     11        (VIOLATED)
_06748_/X                                10     11        (VIOLATED)
_06761_/X                                10     11        (VIOLATED)
_06766_/X                                10     11        (VIOLATED)
_06771_/X                                10     11        (VIOLATED)
_06774_/X                                10     11        (VIOLATED)
_06780_/X                                10     11        (VIOLATED)
_06805_/X                                10     11        (VIOLATED)
_06845_/X                                10     11        (VIOLATED)
_06896_/X                                10     11        (VIOLATED)
_06910_/X                                10     11        (VIOLATED)
_06917_/X                                10     11        (VIOLATED)
_06918_/X                                10     11        (VIOLATED)
_06926_/X                                10     11        (VIOLATED)
_06946_/X                                10     11        (VIOLATED)
_06977_/X                                10     11        (VIOLATED)
_06989_/X                                10     11        (VIOLATED)
_06999_/X                                10     11        (VIOLATED)
_07011_/X                                10     11        (VIOLATED)
_07040_/X                                10     11        (VIOLATED)
_07073_/X                                10     11        (VIOLATED)
_07185_/X                                10     11        (VIOLATED)
_07211_/X                                10     11        (VIOLATED)
_07241_/X                                10     11        (VIOLATED)
_07347_/X                                10     11        (VIOLATED)
_07390_/X                                10     11        (VIOLATED)
_07410_/X                                10     11        (VIOLATED)
_07869_/X                                10     11        (VIOLATED)
_08782_/X                                10     11        (VIOLATED)
_09628_/X                                10     11        (VIOLATED)
_12658_/X                                10     11        (VIOLATED)
_12713_/X                                10     11        (VIOLATED)
_12978_/X                                10     11        (VIOLATED)
_12984_/X                                10     11        (VIOLATED)
_15410_/Q                                10     11        (VIOLATED)
clkbuf_4_10_0_clk/X                      10     11        (VIOLATED)
clkbuf_4_15_0_clk/X                      10     11        (VIOLATED)
clkbuf_leaf_105_clk/X                    10     11        (VIOLATED)
clkbuf_leaf_125_clk/X                    10     11        (VIOLATED)
clkbuf_leaf_136_clk/X                    10     11        (VIOLATED)
clkbuf_leaf_137_clk/X                    10     11        (VIOLATED)
clkbuf_leaf_13_clk/X                     10     11        (VIOLATED)
clkbuf_leaf_145_clk/X                    10     11        (VIOLATED)
clkbuf_leaf_154_clk/X                    10     11        (VIOLATED)
clkbuf_leaf_158_clk/X                    10     11        (VIOLATED)
clkbuf_leaf_165_clk/X                    10     11        (VIOLATED)
clkbuf_leaf_169_clk/X                    10     11        (VIOLATED)
clkbuf_leaf_16_clk/X                     10     11        (VIOLATED)
clkbuf_leaf_172_clk/X                    10     11        (VIOLATED)
clkbuf_leaf_177_clk/X                    10     11        (VIOLATED)
clkbuf_leaf_17_clk/X                     10     11        (VIOLATED)
clkbuf_leaf_180_clk/X                    10     11        (VIOLATED)
clkbuf_leaf_182_clk/X                    10     11        (VIOLATED)
clkbuf_leaf_195_clk/X                    10     11        (VIOLATED)
clkbuf_leaf_43_clk/X                     10     11        (VIOLATED)
clkbuf_leaf_49_clk/X                     10     11        (VIOLATED)
clkbuf_leaf_50_clk/X                     10     11        (VIOLATED)
clkbuf_leaf_61_clk/X                     10     11        (VIOLATED)
clkbuf_leaf_63_clk/X                     10     11        (VIOLATED)
clkbuf_leaf_67_clk/X                     10     11        (VIOLATED)
clkbuf_leaf_70_clk/X                     10     11        (VIOLATED)
clkbuf_leaf_76_clk/X                     10     11        (VIOLATED)
clkbuf_leaf_82_clk/X                     10     11        (VIOLATED)
clkbuf_leaf_97_clk/X                     10     11        (VIOLATED)


max slew violations count Typical: 0
max fanout violations count Typical: 261
max cap violations count Typical: 0

===========================================================================
report_parasitic_annotation -report_unannotated
============================================================================
Found 195 unannotated drivers.
 cpu_req_addr[0]
 cpu_req_addr[1]
 cache_top_489/HI
 cache_top_490/HI
 clkload0/Y
 clkload1/X
 clkload10/Y
 clkload100/Y
 clkload101/Y
 clkload102/Y
 clkload103/Y
 clkload104/Y
 clkload105/Y
 clkload106/Y
 clkload107/Y
 clkload108/Y
 clkload109/Y
 clkload11/X
 clkload110/Y
 clkload111/Y
 clkload112/Y
 clkload113/Y
 clkload114/X
 clkload115/Y
 clkload116/Y
 clkload117/Y
 clkload118/Y
 clkload119/Y
 clkload12/X
 clkload120/Y
 clkload121/Y
 clkload122/Y
 clkload123/Y
 clkload124/Y
 clkload125/Y
 clkload126/Y
 clkload127/Y
 clkload128/Y
 clkload129/Y
 clkload13/Y
 clkload130/Y
 clkload131/Y
 clkload132/Y
 clkload133/Y
 clkload134/Y
 clkload135/Y
 clkload136/Y
 clkload137/Y
 clkload138/Y
 clkload139/Y
 clkload14/Y
 clkload140/Y
 clkload141/Y
 clkload142/Y
 clkload143/Y
 clkload144/Y
 clkload145/Y
 clkload146/Y
 clkload147/Y
 clkload148/Y
 clkload149/Y
 clkload15/Y
 clkload150/Y
 clkload151/Y
 clkload152/Y
 clkload153/Y
 clkload154/Y
 clkload155/X
 clkload156/Y
 clkload157/Y
 clkload158/Y
 clkload159/Y
 clkload16/Y
 clkload160/Y
 clkload161/Y
 clkload162/Y
 clkload163/Y
 clkload164/Y
 clkload165/Y
 clkload166/Y
 clkload167/Y
 clkload168/Y
 clkload169/Y
 clkload17/Y
 clkload170/Y
 clkload171/X
 clkload172/Y
 clkload173/Y
 clkload174/Y
 clkload175/Y
 clkload176/Y
 clkload177/Y
 clkload178/Y
 clkload179/Y
 clkload18/Y
 clkload180/Y
 clkload181/Y
 clkload182/Y
 clkload183/Y
 clkload184/Y
 clkload185/Y
 clkload186/Y
 clkload187/Y
 clkload188/Y
 clkload189/Y
 clkload19/Y
 clkload190/Y
 clkload2/X
 clkload20/Y
 clkload21/Y
 clkload22/Y
 clkload23/Y
 clkload24/Y
 clkload25/Y
 clkload26/Y
 clkload27/Y
 clkload28/Y
 clkload29/X
 clkload3/X
 clkload30/Y
 clkload31/Y
 clkload32/Y
 clkload33/Y
 clkload34/Y
 clkload35/Y
 clkload36/Y
 clkload37/Y
 clkload38/Y
 clkload39/Y
 clkload4/Y
 clkload40/Y
 clkload41/Y
 clkload42/Y
 clkload43/Y
 clkload44/Y
 clkload45/Y
 clkload46/Y
 clkload47/Y
 clkload48/Y
 clkload49/Y
 clkload5/X
 clkload50/X
 clkload51/Y
 clkload52/Y
 clkload53/Y
 clkload54/Y
 clkload55/Y
 clkload56/Y
 clkload57/Y
 clkload58/Y
 clkload59/Y
 clkload6/X
 clkload60/Y
 clkload61/X
 clkload62/X
 clkload63/Y
 clkload64/Y
 clkload65/Y
 clkload66/X
 clkload67/Y
 clkload68/Y
 clkload69/Y
 clkload7/Y
 clkload70/Y
 clkload71/Y
 clkload72/Y
 clkload73/Y
 clkload74/Y
 clkload75/Y
 clkload76/Y
 clkload77/Y
 clkload78/Y
 clkload79/Y
 clkload8/Y
 clkload80/Y
 clkload81/X
 clkload82/Y
 clkload83/Y
 clkload84/Y
 clkload85/Y
 clkload86/Y
 clkload87/Y
 clkload88/Y
 clkload89/Y
 clkload9/Y
 clkload90/Y
 clkload91/Y
 clkload92/Y
 clkload93/Y
 clkload94/Y
 clkload95/Y
 clkload96/Y
 clkload97/Y
 clkload98/Y
 clkload99/Y
Found 0 partially unannotated drivers.

===========================================================================
max slew violation count 40
max fanout violation count 261
max cap violation count 0
============================================================================

===========================================================================
check_setup -verbose -unconstrained_endpoints -multiple_clock -no_clock -no_input_delay -loops -generated_clocks
===========================================================================
Warning: There are 2 unconstrained endpoints.
  mem_req_addr[0]
  mem_req_addr[1]
